2019-07-09 14:36:11.220  INFO 8356 --- [http-nio-8080-exec-10] c.zistone.controller.UserInfoController  : 收到登录请求,参数是:UserInfo{m_id=0, m_userName='李小伟', m_realName='null', m_phoneNumber=0, m_level=0, m_isDelete=false, m_craeteTime=null, m_updateTime=null}
2019-07-09 14:36:16.222  WARN 8356 --- [http-nio-8080-exec-10] com.zaxxer.hikari.pool.PoolBase          : HikariPool-1 - Failed to validate connection com.mysql.cj.jdbc.ConnectionImpl@65ece0d2 (No operations allowed after connection closed.). Possibly consider using a shorter maxLifetime value.
2019-07-09 14:36:21.235  WARN 8356 --- [http-nio-8080-exec-10] com.zaxxer.hikari.pool.PoolBase          : HikariPool-1 - Failed to validate connection com.mysql.cj.jdbc.ConnectionImpl@6f148ba2 (No operations allowed after connection closed.). Possibly consider using a shorter maxLifetime value.
2019-07-09 14:36:26.239  WARN 8356 --- [http-nio-8080-exec-10] com.zaxxer.hikari.pool.PoolBase          : HikariPool-1 - Failed to validate connection com.mysql.cj.jdbc.ConnectionImpl@287e97c4 (No operations allowed after connection closed.). Possibly consider using a shorter maxLifetime value.
2019-07-09 14:36:31.244  WARN 8356 --- [http-nio-8080-exec-10] com.zaxxer.hikari.pool.PoolBase          : HikariPool-1 - Failed to validate connection com.mysql.cj.jdbc.ConnectionImpl@50f48279 (No operations allowed after connection closed.). Possibly consider using a shorter maxLifetime value.
2019-07-09 14:41:48.117  INFO 1632 --- [main] com.zistone.StartApplication             : Starting StartApplication on DESKTOP-FMVHLL9 with PID 1632 (E:\IDEA_Workspace\Blowdown\target\classes started by zistone in E:\IDEA_Workspace\Blowdown)
2019-07-09 14:41:48.119  INFO 1632 --- [main] com.zistone.StartApplication             : No active profile set, falling back to default profiles: default
2019-07-09 14:41:48.539  INFO 1632 --- [main] .s.d.r.c.RepositoryConfigurationDelegate : Bootstrapping Spring Data repositories in DEFAULT mode.
2019-07-09 14:41:48.576  INFO 1632 --- [main] .s.d.r.c.RepositoryConfigurationDelegate : Finished Spring Data repository scanning in 32ms. Found 1 repository interfaces.
2019-07-09 14:41:48.755  INFO 1632 --- [main] trationDelegate$BeanPostProcessorChecker : Bean 'org.springframework.transaction.annotation.ProxyTransactionManagementConfiguration' of type [org.springframework.transaction.annotation.ProxyTransactionManagementConfiguration$$EnhancerBySpringCGLIB$$5f6c32f4] is not eligible for getting processed by all BeanPostProcessors (for example: not eligible for auto-proxying)
2019-07-09 14:41:48.907  INFO 1632 --- [main] o.s.b.w.embedded.tomcat.TomcatWebServer  : Tomcat initialized with port(s): 8080 (http)
2019-07-09 14:41:48.920  INFO 1632 --- [main] o.apache.catalina.core.StandardService   : Starting service [Tomcat]
2019-07-09 14:41:48.920  INFO 1632 --- [main] org.apache.catalina.core.StandardEngine  : Starting Servlet engine: [Apache Tomcat/9.0.21]
2019-07-09 14:41:49.016  INFO 1632 --- [main] o.a.c.c.C.[.[localhost].[/Blowdown]      : Initializing Spring embedded WebApplicationContext
2019-07-09 14:41:49.017  INFO 1632 --- [main] o.s.web.context.ContextLoader            : Root WebApplicationContext: initialization completed in 862 ms
2019-07-09 14:41:49.104  INFO 1632 --- [main] com.zaxxer.hikari.HikariDataSource       : HikariPool-1 - Starting...
2019-07-09 14:41:49.866  INFO 1632 --- [main] com.zaxxer.hikari.HikariDataSource       : HikariPool-1 - Start completed.
2019-07-09 14:41:49.915  INFO 1632 --- [main] o.hibernate.jpa.internal.util.LogHelper  : HHH000204: Processing PersistenceUnitInfo [
	name: default
	...]
2019-07-09 14:41:49.997  INFO 1632 --- [main] org.hibernate.Version                    : HHH000412: Hibernate Core {5.3.10.Final}
2019-07-09 14:41:49.998  INFO 1632 --- [main] org.hibernate.cfg.Environment            : HHH000206: hibernate.properties not found
2019-07-09 14:41:50.075  INFO 1632 --- [main] o.hibernate.annotations.common.Version   : HCANN000001: Hibernate Commons Annotations {5.0.4.Final}
2019-07-09 14:41:50.151  INFO 1632 --- [main] org.hibernate.dialect.Dialect            : HHH000400: Using dialect: org.hibernate.dialect.MySQL5Dialect
2019-07-09 14:41:50.763  INFO 1632 --- [main] j.LocalContainerEntityManagerFactoryBean : Initialized JPA EntityManagerFactory for persistence unit 'default'
2019-07-09 14:41:50.945  INFO 1632 --- [main] o.h.h.i.QueryTranslatorFactoryInitiator  : HHH000397: Using ASTQueryTranslatorFactory
2019-07-09 14:41:51.127  INFO 1632 --- [main] o.s.s.concurrent.ThreadPoolTaskExecutor  : Initializing ExecutorService 'applicationTaskExecutor'
2019-07-09 14:41:51.244  INFO 1632 --- [main] o.s.b.w.embedded.tomcat.TomcatWebServer  : Tomcat started on port(s): 8080 (http) with context path '/Blowdown'
2019-07-09 14:41:51.245  INFO 1632 --- [main] com.zistone.StartApplication             : Started StartApplication in 3.403 seconds (JVM running for 4.075)
2019-07-09 14:41:55.458  INFO 1632 --- [http-nio-8080-exec-1] o.a.c.c.C.[.[localhost].[/Blowdown]      : Initializing Spring DispatcherServlet 'dispatcherServlet'
2019-07-09 14:41:55.458  INFO 1632 --- [http-nio-8080-exec-1] o.s.web.servlet.DispatcherServlet        : Initializing Servlet 'dispatcherServlet'
2019-07-09 14:41:55.463  INFO 1632 --- [http-nio-8080-exec-1] o.s.web.servlet.DispatcherServlet        : Completed initialization in 5 ms
2019-07-09 14:41:55.519  INFO 1632 --- [http-nio-8080-exec-1] c.zistone.controller.UserInfoController  : 收到登录请求,参数是:UserInfo{m_id=0, m_userName='李小伟', m_realName='null', m_phoneNumber=0, m_level=0, m_isDelete=false, m_craeteTime=null, m_updateTime=null}
2019-07-09 14:42:16.677  INFO 1632 --- [http-nio-8080-exec-4] c.zistone.controller.UserInfoController  : 收到登录请求,参数是:UserInfo{m_id=0, m_userName='李小伟', m_realName='null', m_phoneNumber=0, m_level=0, m_isDelete=false, m_craeteTime=null, m_updateTime=null}
2019-07-09 14:42:25.027  INFO 1632 --- [http-nio-8080-exec-2] c.zistone.controller.UserInfoController  : 收到登录请求,参数是:UserInfo{m_id=0, m_userName='李小伟', m_realName='null', m_phoneNumber=0, m_level=0, m_isDelete=false, m_craeteTime=null, m_updateTime=null}
2019-07-09 14:45:05.307  INFO 1632 --- [http-nio-8080-exec-7] c.zistone.controller.UserInfoController  : 收到登录请求,参数是:UserInfo{m_id=0, m_userName='李小伟', m_realName='null', m_phoneNumber=0, m_level=0, m_isDelete=false, m_craeteTime=null, m_updateTime=null}
